2023-02-23 19:08:40[info] : ========== Server init ==========
2023-02-23 19:08:40[info] : Port:2403, OpenLinger: false
2023-02-23 19:08:40[info] : Listen Mode: ET, OpenConn Mode: ET
2023-02-23 19:08:40[info] : LogSys level: 0
2023-02-23 19:08:40[info] : srcDir: /home/dakericy/TinyWebServer_DK
2023-02-23 19:08:40[info] : SqlConnPool num: 12, ThreadPool num: 1
2023-02-23 19:08:40[info] : ========== Server start ==========
2023-02-23 19:08:50[info] : Client[6](192.168.47.2:61896) in, userCount:1
2023-02-23 19:08:50[info] : Client[6] in!
2023-02-23 19:08:50[debug]: [GET], [/], [1.1]
2023-02-23 19:08:50[debug]: /
2023-02-23 19:08:50[debug]: file path /home/dakericy/TinyWebServer_DK/home.html
2023-02-23 19:08:50[debug]: filesize:4293, 2  to 4415
2023-02-23 19:08:50[error]: RequestLine Error
2023-02-23 19:08:50[debug]: file path /home/dakericy/TinyWebServer_DK/400.html
2023-02-23 19:08:50[debug]: filesize:3146, 2  to 3240
2023-02-23 19:08:50[info] : Client[6] quit!
2023-02-23 19:08:50[info] : Client[6](192.168.47.2:61896) quit, UserCount:0
2023-02-23 19:08:50[info] : Client[6](192.168.47.2:62152) in, userCount:1
2023-02-23 19:08:50[info] : Client[6] in!
2023-02-23 19:08:50[debug]: [GET], [/images/background.jpg], [1.1]
2023-02-23 19:08:50[debug]: /images/background.jpg
2023-02-23 19:08:50[debug]: file path /home/dakericy/TinyWebServer_DK/404.html
2023-02-23 19:08:50[debug]: filesize:3149, 2  to 3241
2023-02-23 19:08:50[error]: RequestLine Error
2023-02-23 19:08:50[debug]: file path /home/dakericy/TinyWebServer_DK/404.html
2023-02-23 19:08:50[debug]: filesize:3149, 2  to 3241
2023-02-23 19:08:50[info] : Client[6] quit!
2023-02-23 19:08:50[info] : Client[6](192.168.47.2:62152) quit, UserCount:0
2023-02-23 19:08:51[info] : Client[6](192.168.47.2:62664) in, userCount:1
2023-02-23 19:08:51[info] : Client[6] in!
2023-02-23 19:08:52[debug]: [GET], [/register.html], [1.1]
2023-02-23 19:08:52[debug]: /register.html
2023-02-23 19:08:52[debug]: file path /home/dakericy/TinyWebServer_DK/register.html
2023-02-23 19:08:52[debug]: filesize:6654, 2  to 6776
2023-02-23 19:08:52[error]: RequestLine Error
2023-02-23 19:08:52[debug]: file path /home/dakericy/TinyWebServer_DK/400.html
2023-02-23 19:08:52[debug]: filesize:3146, 2  to 3240
2023-02-23 19:08:52[info] : Client[6] quit!
2023-02-23 19:08:52[info] : Client[6](192.168.47.2:62664) quit, UserCount:0
2023-02-23 19:08:52[info] : Client[6](192.168.47.2:64200) in, userCount:1
2023-02-23 19:08:52[info] : Client[6] in!
2023-02-23 19:08:52[debug]: [GET], [/images/background.jpg], [1.1]
2023-02-23 19:08:52[debug]: /images/background.jpg
2023-02-23 19:08:52[debug]: file path /home/dakericy/TinyWebServer_DK/404.html
2023-02-23 19:08:52[debug]: filesize:3149, 2  to 3241
2023-02-23 19:08:52[error]: RequestLine Error
2023-02-23 19:08:52[debug]: file path /home/dakericy/TinyWebServer_DK/404.html
2023-02-23 19:08:52[debug]: filesize:3149, 2  to 3241
2023-02-23 19:08:52[info] : Client[6] quit!
2023-02-23 19:08:52[info] : Client[6](192.168.47.2:64200) quit, UserCount:0
2023-02-23 19:08:55[info] : Client[6](192.168.47.2:201) in, userCount:1
2023-02-23 19:08:55[info] : Client[6] in!
2023-02-23 19:08:55[debug]: [GET], [/home.html], [1.1]
2023-02-23 19:08:55[debug]: /home.html
2023-02-23 19:08:55[debug]: file path /home/dakericy/TinyWebServer_DK/home.html
2023-02-23 19:08:55[debug]: filesize:4293, 2  to 4415
2023-02-23 19:08:55[error]: RequestLine Error
2023-02-23 19:08:55[debug]: file path /home/dakericy/TinyWebServer_DK/400.html
2023-02-23 19:08:55[debug]: filesize:3146, 2  to 3240
2023-02-23 19:08:55[info] : Client[6] quit!
2023-02-23 19:08:55[info] : Client[6](192.168.47.2:201) quit, UserCount:0
2023-02-23 19:08:55[info] : Client[6](192.168.47.2:457) in, userCount:1
2023-02-23 19:08:55[info] : Client[6] in!
2023-02-23 19:08:55[debug]: [GET], [/images/background.jpg], [1.1]
2023-02-23 19:08:55[debug]: /images/background.jpg
2023-02-23 19:08:55[debug]: file path /home/dakericy/TinyWebServer_DK/404.html
2023-02-23 19:08:55[debug]: filesize:3149, 2  to 3241
2023-02-23 19:08:55[error]: RequestLine Error
2023-02-23 19:08:55[debug]: file path /home/dakericy/TinyWebServer_DK/404.html
2023-02-23 19:08:55[debug]: filesize:3149, 2  to 3241
2023-02-23 19:08:55[info] : Client[6] quit!
2023-02-23 19:08:55[info] : Client[6](192.168.47.2:457) quit, UserCount:0
2023-02-23 19:08:57[info] : Client[6](192.168.47.2:969) in, userCount:1
2023-02-23 19:08:57[info] : Client[6] in!
2023-02-23 19:09:02[debug]: Body:l_user=&l_pwd=&l_login=, len:23
2023-02-23 19:23:30[info] : ========== Server init ==========
2023-02-23 19:23:30[info] : Port:2403, OpenLinger: false
2023-02-23 19:23:30[info] : Listen Mode: ET, OpenConn Mode: ET
2023-02-23 19:23:30[info] : LogSys level: 0
2023-02-23 19:23:30[info] : srcDir: /home/dakericy/TinyWebServer_DK
2023-02-23 19:23:30[info] : SqlConnPool num: 12, ThreadPool num: 1
2023-02-23 19:23:30[info] : ========== Server start ==========
2023-02-23 19:23:36[info] : Client[6](192.168.47.2:40654) in, userCount:1
2023-02-23 19:23:36[info] : Client[6] in!
2023-02-23 19:23:36[debug]: [GET], [/], [1.1]
2023-02-23 19:23:36[debug]: /
2023-02-23 19:23:36[debug]: file path /home/dakericy/TinyWebServer_DK/home.html
2023-02-23 19:23:36[debug]: filesize:4293, 2  to 4415
2023-02-23 19:23:36[error]: RequestLine Error
2023-02-23 19:23:36[debug]: file path /home/dakericy/TinyWebServer_DK/400.html
2023-02-23 19:23:36[debug]: filesize:3146, 2  to 3240
2023-02-23 19:23:36[info] : Client[6] quit!
2023-02-23 19:23:36[info] : Client[6](192.168.47.2:40654) quit, UserCount:0
2023-02-23 19:23:36[info] : Client[6](192.168.47.2:40910) in, userCount:1
2023-02-23 19:23:36[info] : Client[6] in!
2023-02-23 19:23:36[debug]: [GET], [/images/background.jpg], [1.1]
2023-02-23 19:23:36[debug]: /images/background.jpg
2023-02-23 19:23:36[debug]: file path /home/dakericy/TinyWebServer_DK/404.html
2023-02-23 19:23:36[debug]: filesize:3149, 2  to 3241
2023-02-23 19:23:36[error]: RequestLine Error
2023-02-23 19:23:36[debug]: file path /home/dakericy/TinyWebServer_DK/404.html
2023-02-23 19:23:36[debug]: filesize:3149, 2  to 3241
2023-02-23 19:23:36[info] : Client[6] quit!
2023-02-23 19:23:36[info] : Client[6](192.168.47.2:40910) quit, UserCount:0
2023-02-23 19:23:38[info] : Client[6](192.168.47.2:41934) in, userCount:1
2023-02-23 19:23:38[info] : Client[6] in!
2023-02-23 19:23:39[debug]: Body:l_user=&l_pwd=&l_login=, len:23
2023-02-23 19:23:39[debug]: [POST], [/login], [1.1]
2023-02-23 19:23:39[debug]: /login
2023-02-23 19:23:39[debug]: file path /home/dakericy/TinyWebServer_DK/home.html
2023-02-23 19:23:39[debug]: filesize:4293, 2  to 4415
2023-02-23 19:23:39[debug]: [GET], [/images/background.jpg], [1.1]
2023-02-23 19:23:39[debug]: /images/background.jpg
2023-02-23 19:23:39[debug]: file path /home/dakericy/TinyWebServer_DK/404.html
2023-02-23 19:23:39[debug]: filesize:3149, 2  to 3241
2023-02-23 19:23:39[error]: RequestLine Error
2023-02-23 19:23:39[debug]: file path /home/dakericy/TinyWebServer_DK/404.html
2023-02-23 19:23:39[debug]: filesize:3149, 2  to 3241
2023-02-23 19:23:39[info] : Client[6] quit!
2023-02-23 19:23:39[info] : Client[6](192.168.47.2:41934) quit, UserCount:0
2023-02-23 19:23:41[info] : Client[6](192.168.47.2:44238) in, userCount:1
2023-02-23 19:23:41[info] : Client[6] in!
2023-02-23 19:23:46[debug]: [GET], [/register.html], [1.1]
2023-02-23 19:23:46[debug]: /register.html
2023-02-23 19:23:46[debug]: file path /home/dakericy/TinyWebServer_DK/register.html
2023-02-23 19:23:46[debug]: filesize:6654, 2  to 6776
2023-02-23 19:23:46[error]: RequestLine Error
2023-02-23 19:23:46[debug]: file path /home/dakericy/TinyWebServer_DK/400.html
2023-02-23 19:23:46[debug]: filesize:3146, 2  to 3240
2023-02-23 19:23:46[info] : Client[6] quit!
2023-02-23 19:23:46[info] : Client[6](192.168.47.2:44238) quit, UserCount:0
2023-02-23 19:23:46[info] : Client[6](192.168.47.2:47310) in, userCount:1
2023-02-23 19:23:46[info] : Client[6] in!
2023-02-23 19:23:46[debug]: [GET], [/images/background.jpg], [1.1]
2023-02-23 19:23:46[debug]: /images/background.jpg
2023-02-23 19:23:46[debug]: file path /home/dakericy/TinyWebServer_DK/404.html
2023-02-23 19:23:46[debug]: filesize:3149, 2  to 3241
2023-02-23 19:23:46[error]: RequestLine Error
2023-02-23 19:23:46[debug]: file path /home/dakericy/TinyWebServer_DK/404.html
2023-02-23 19:23:46[debug]: filesize:3149, 2  to 3241
2023-02-23 19:23:46[info] : Client[6] quit!
2023-02-23 19:23:46[info] : Client[6](192.168.47.2:47310) quit, UserCount:0
2023-02-23 19:24:16[info] : Client[6](192.168.47.2:59854) in, userCount:1
2023-02-23 19:24:16[info] : Client[6] in!
2023-02-23 19:24:16[debug]: Body:r_user=daker&r_age=&sex=m&belong=company&r_pwd=xc240307&r_repwd=xc240307, len:72
2023-02-23 19:30:34[info] : ========== Server init ==========
2023-02-23 19:30:34[info] : Port:2403, OpenLinger: false
2023-02-23 19:30:34[info] : Listen Mode: ET, OpenConn Mode: ET
2023-02-23 19:30:34[info] : LogSys level: 0
2023-02-23 19:30:34[info] : srcDir: /home/dakericy/TinyWebServer_DK
2023-02-23 19:30:34[info] : SqlConnPool num: 12, ThreadPool num: 1
2023-02-23 19:30:34[info] : ========== Server start ==========
2023-02-23 19:30:40[info] : Client[6](192.168.47.2:39121) in, userCount:1
2023-02-23 19:30:40[info] : Client[6] in!
2023-02-23 19:30:40[debug]: [GET], [/], [1.1]
2023-02-23 19:30:40[debug]: /
2023-02-23 19:30:40[debug]: file path /home/dakericy/TinyWebServer_DK/home.html
2023-02-23 19:30:40[debug]: filesize:4293, 2  to 4415
2023-02-23 19:30:40[error]: RequestLine Error
2023-02-23 19:30:40[debug]: file path /home/dakericy/TinyWebServer_DK/400.html
2023-02-23 19:30:40[debug]: filesize:3146, 2  to 3240
2023-02-23 19:30:40[info] : Client[6] quit!
2023-02-23 19:30:40[info] : Client[6](192.168.47.2:39121) quit, UserCount:0
2023-02-23 19:30:40[info] : Client[6](192.168.47.2:39377) in, userCount:1
2023-02-23 19:30:40[info] : Client[6] in!
2023-02-23 19:30:40[debug]: [GET], [/images/background.jpg], [1.1]
2023-02-23 19:30:40[debug]: /images/background.jpg
2023-02-23 19:30:40[debug]: file path /home/dakericy/TinyWebServer_DK/404.html
2023-02-23 19:30:40[debug]: filesize:3149, 2  to 3241
2023-02-23 19:30:40[error]: RequestLine Error
2023-02-23 19:30:40[debug]: file path /home/dakericy/TinyWebServer_DK/404.html
2023-02-23 19:30:40[debug]: filesize:3149, 2  to 3241
2023-02-23 19:30:40[info] : Client[6] quit!
2023-02-23 19:30:40[info] : Client[6](192.168.47.2:39377) quit, UserCount:0
2023-02-23 19:30:42[info] : Client[6](192.168.47.2:40145) in, userCount:1
2023-02-23 19:30:42[info] : Client[6] in!
2023-02-23 19:30:44[debug]: Body:l_user=&l_pwd=&l_login=, len:23
2023-02-23 19:30:44[debug]: [POST], [/login], [1.1]
2023-02-23 19:30:44[debug]: /login
2023-02-23 19:30:44[debug]: file path /home/dakericy/TinyWebServer_DK/home.html
2023-02-23 19:30:44[debug]: filesize:4293, 2  to 4415
2023-02-23 19:30:44[debug]: [GET], [/images/background.jpg], [1.1]
2023-02-23 19:30:44[debug]: /images/background.jpg
2023-02-23 19:30:44[debug]: file path /home/dakericy/TinyWebServer_DK/404.html
2023-02-23 19:30:44[debug]: filesize:3149, 2  to 3241
2023-02-23 19:30:44[error]: RequestLine Error
2023-02-23 19:30:44[debug]: file path /home/dakericy/TinyWebServer_DK/404.html
2023-02-23 19:30:44[debug]: filesize:3149, 2  to 3241
2023-02-23 19:30:44[info] : Client[6] quit!
2023-02-23 19:30:44[info] : Client[6](192.168.47.2:40145) quit, UserCount:0
2023-02-23 19:30:46[info] : Client[6](192.168.47.2:42705) in, userCount:1
2023-02-23 19:30:46[info] : Client[6] in!
2023-02-23 19:30:46[debug]: [GET], [/register.html], [1.1]
2023-02-23 19:30:46[debug]: /register.html
2023-02-23 19:30:46[debug]: file path /home/dakericy/TinyWebServer_DK/register.html
2023-02-23 19:30:46[debug]: filesize:6654, 2  to 6776
2023-02-23 19:30:46[error]: RequestLine Error
2023-02-23 19:30:46[debug]: file path /home/dakericy/TinyWebServer_DK/400.html
2023-02-23 19:30:46[debug]: filesize:3146, 2  to 3240
2023-02-23 19:30:46[info] : Client[6] quit!
2023-02-23 19:30:46[info] : Client[6](192.168.47.2:42705) quit, UserCount:0
2023-02-23 19:30:47[info] : Client[6](192.168.47.2:44497) in, userCount:1
2023-02-23 19:30:47[info] : Client[6] in!
2023-02-23 19:30:47[debug]: [GET], [/images/background.jpg], [1.1]
2023-02-23 19:30:47[debug]: /images/background.jpg
2023-02-23 19:30:47[debug]: file path /home/dakericy/TinyWebServer_DK/404.html
2023-02-23 19:30:47[debug]: filesize:3149, 2  to 3241
2023-02-23 19:30:47[error]: RequestLine Error
2023-02-23 19:30:47[debug]: file path /home/dakericy/TinyWebServer_DK/404.html
2023-02-23 19:30:47[debug]: filesize:3149, 2  to 3241
2023-02-23 19:30:47[info] : Client[6] quit!
2023-02-23 19:30:47[info] : Client[6](192.168.47.2:44497) quit, UserCount:0
2023-02-23 19:31:05[info] : Client[6](192.168.47.2:53201) in, userCount:1
2023-02-23 19:31:05[info] : Client[6] in!
2023-02-23 19:31:05[debug]: Body:r_user=daker&r_age=20&sex=m&belong=company&r_pwd=rr1234&r_repwd=rr1234, len:70
2023-02-23 19:33:25[info] : ========== Server init ==========
2023-02-23 19:33:25[info] : Port:2403, OpenLinger: false
2023-02-23 19:33:25[info] : Listen Mode: ET, OpenConn Mode: ET
2023-02-23 19:33:25[info] : LogSys level: 0
2023-02-23 19:33:25[info] : srcDir: /home/dakericy/TinyWebServer_DK
2023-02-23 19:33:25[info] : SqlConnPool num: 12, ThreadPool num: 1
2023-02-23 19:33:25[info] : ========== Server start ==========
2023-02-23 19:33:31[info] : Client[6](192.168.47.2:46802) in, userCount:1
2023-02-23 19:33:31[info] : Client[6] in!
2023-02-23 19:33:31[debug]: [GET], [/], [1.1]
2023-02-23 19:33:31[debug]: /
2023-02-23 19:33:31[debug]: file path /home/dakericy/TinyWebServer_DK/home.html
2023-02-23 19:33:31[debug]: filesize:4293, 2  to 4415
2023-02-23 19:33:31[error]: RequestLine Error
2023-02-23 19:33:31[debug]: file path /home/dakericy/TinyWebServer_DK/400.html
2023-02-23 19:33:31[debug]: filesize:3146, 2  to 3240
2023-02-23 19:33:31[info] : Client[6] quit!
2023-02-23 19:33:31[info] : Client[6](192.168.47.2:46802) quit, UserCount:0
2023-02-23 19:33:31[info] : Client[6](192.168.47.2:47058) in, userCount:1
2023-02-23 19:33:31[info] : Client[6] in!
2023-02-23 19:33:31[debug]: [GET], [/images/background.jpg], [1.1]
2023-02-23 19:33:31[debug]: /images/background.jpg
2023-02-23 19:33:31[debug]: file path /home/dakericy/TinyWebServer_DK/404.html
2023-02-23 19:33:31[debug]: filesize:3149, 2  to 3241
2023-02-23 19:33:31[error]: RequestLine Error
2023-02-23 19:33:31[debug]: file path /home/dakericy/TinyWebServer_DK/404.html
2023-02-23 19:33:31[debug]: filesize:3149, 2  to 3241
2023-02-23 19:33:31[info] : Client[6] quit!
2023-02-23 19:33:31[info] : Client[6](192.168.47.2:47058) quit, UserCount:0
2023-02-23 19:33:33[info] : Client[6](192.168.47.2:47314) in, userCount:1
2023-02-23 19:33:33[info] : Client[6] in!
2023-02-23 19:33:33[debug]: [GET], [/register.html], [1.1]
2023-02-23 19:33:33[debug]: /register.html
2023-02-23 19:33:33[debug]: file path /home/dakericy/TinyWebServer_DK/register.html
2023-02-23 19:33:33[debug]: filesize:6654, 2  to 6776
2023-02-23 19:33:33[error]: RequestLine Error
2023-02-23 19:33:33[debug]: file path /home/dakericy/TinyWebServer_DK/400.html
2023-02-23 19:33:33[debug]: filesize:3146, 2  to 3240
2023-02-23 19:33:33[info] : Client[6] quit!
2023-02-23 19:33:33[info] : Client[6](192.168.47.2:47314) quit, UserCount:0
2023-02-23 19:33:33[info] : Client[6](192.168.47.2:48338) in, userCount:1
2023-02-23 19:33:33[info] : Client[6] in!
2023-02-23 19:33:33[debug]: [GET], [/images/background.jpg], [1.1]
2023-02-23 19:33:33[debug]: /images/background.jpg
2023-02-23 19:33:33[debug]: file path /home/dakericy/TinyWebServer_DK/404.html
2023-02-23 19:33:33[debug]: filesize:3149, 2  to 3241
2023-02-23 19:33:33[error]: RequestLine Error
2023-02-23 19:33:33[debug]: file path /home/dakericy/TinyWebServer_DK/404.html
2023-02-23 19:33:33[debug]: filesize:3149, 2  to 3241
2023-02-23 19:33:33[info] : Client[6] quit!
2023-02-23 19:33:33[info] : Client[6](192.168.47.2:48338) quit, UserCount:0
2023-02-23 19:33:45[info] : Client[6](192.168.47.2:54482) in, userCount:1
2023-02-23 19:33:45[info] : Client[6] in!
2023-02-23 19:33:45[debug]: Body:r_user=daker&r_age=20&sex=m&belong=company&r_pwd=zxc123&r_repwd=zxc123, len:70
2023-02-23 19:33:45[debug]: [POST], [/adduser], [1.1]
2023-02-23 19:34:52[info] : ========== Server init ==========
2023-02-23 19:34:52[info] : Port:2403, OpenLinger: false
2023-02-23 19:34:52[info] : Listen Mode: ET, OpenConn Mode: ET
2023-02-23 19:34:52[info] : LogSys level: 0
2023-02-23 19:34:52[info] : srcDir: /home/dakericy/TinyWebServer_DK
2023-02-23 19:34:52[info] : SqlConnPool num: 12, ThreadPool num: 1
2023-02-23 19:34:52[info] : ========== Server start ==========
2023-02-23 19:34:58[info] : Client[6](192.168.47.2:19155) in, userCount:1
2023-02-23 19:34:58[info] : Client[6] in!
2023-02-23 19:34:58[debug]: [GET], [/], [1.1]
2023-02-23 19:34:58[debug]: /
2023-02-23 19:34:58[debug]: file path /home/dakericy/TinyWebServer_DK/home.html
2023-02-23 19:34:58[debug]: filesize:4293, 2  to 4415
2023-02-23 19:34:58[error]: RequestLine Error
2023-02-23 19:34:58[debug]: file path /home/dakericy/TinyWebServer_DK/400.html
2023-02-23 19:34:58[debug]: filesize:3146, 2  to 3240
2023-02-23 19:34:58[info] : Client[6] quit!
2023-02-23 19:34:58[info] : Client[6](192.168.47.2:19155) quit, UserCount:0
2023-02-23 19:34:58[info] : Client[6](192.168.47.2:19411) in, userCount:1
2023-02-23 19:34:58[info] : Client[6] in!
2023-02-23 19:34:58[debug]: [GET], [/images/background.jpg], [1.1]
2023-02-23 19:34:58[debug]: /images/background.jpg
2023-02-23 19:34:58[debug]: file path /home/dakericy/TinyWebServer_DK/404.html
2023-02-23 19:34:58[debug]: filesize:3149, 2  to 3241
2023-02-23 19:34:58[error]: RequestLine Error
2023-02-23 19:34:58[debug]: file path /home/dakericy/TinyWebServer_DK/404.html
2023-02-23 19:34:58[debug]: filesize:3149, 2  to 3241
2023-02-23 19:34:58[info] : Client[6] quit!
2023-02-23 19:34:58[info] : Client[6](192.168.47.2:19411) quit, UserCount:0
2023-02-23 19:34:58[info] : Client[6](192.168.47.2:19923) in, userCount:1
2023-02-23 19:34:58[info] : Client[6] in!
2023-02-23 19:35:00[debug]: [GET], [/register.html], [1.1]
2023-02-23 19:35:00[debug]: /register.html
2023-02-23 19:35:00[debug]: file path /home/dakericy/TinyWebServer_DK/register.html
2023-02-23 19:35:00[debug]: filesize:6654, 2  to 6776
2023-02-23 19:35:00[error]: RequestLine Error
2023-02-23 19:35:00[debug]: file path /home/dakericy/TinyWebServer_DK/400.html
2023-02-23 19:35:00[debug]: filesize:3146, 2  to 3240
2023-02-23 19:35:00[info] : Client[6] quit!
2023-02-23 19:35:00[info] : Client[6](192.168.47.2:19923) quit, UserCount:0
2023-02-23 19:35:00[info] : Client[6](192.168.47.2:21459) in, userCount:1
2023-02-23 19:35:00[info] : Client[6] in!
2023-02-23 19:35:00[debug]: [GET], [/images/background.jpg], [1.1]
2023-02-23 19:35:00[debug]: /images/background.jpg
2023-02-23 19:35:00[debug]: file path /home/dakericy/TinyWebServer_DK/404.html
2023-02-23 19:35:00[debug]: filesize:3149, 2  to 3241
2023-02-23 19:35:00[error]: RequestLine Error
2023-02-23 19:35:00[debug]: file path /home/dakericy/TinyWebServer_DK/404.html
2023-02-23 19:35:00[debug]: filesize:3149, 2  to 3241
2023-02-23 19:35:00[info] : Client[6] quit!
2023-02-23 19:35:00[info] : Client[6](192.168.47.2:21459) quit, UserCount:0
2023-02-23 19:35:12[info] : Client[6](192.168.47.2:26835) in, userCount:1
2023-02-23 19:35:12[info] : Client[6] in!
2023-02-23 19:35:12[debug]: Body:r_user=abcde&r_age=20&sex=m&belong=company&r_pwd=zxcv12&r_repwd=zxcv12, len:70
2023-02-23 19:35:12[debug]: [POST], [/adduser], [1.1]
2023-02-23 19:38:38[info] : ========== Server init ==========
2023-02-23 19:38:38[info] : Port:2403, OpenLinger: false
2023-02-23 19:38:38[info] : Listen Mode: ET, OpenConn Mode: ET
2023-02-23 19:38:38[info] : LogSys level: 0
2023-02-23 19:38:38[info] : srcDir: /home/dakericy/TinyWebServer_DK
2023-02-23 19:38:38[info] : SqlConnPool num: 12, ThreadPool num: 1
2023-02-23 19:38:38[info] : ========== Server start ==========
2023-02-23 19:38:44[info] : Client[6](192.168.47.2:41684) in, userCount:1
2023-02-23 19:38:44[info] : Client[6] in!
2023-02-23 19:38:44[debug]: [GET], [/], [1.1]
2023-02-23 19:38:44[debug]: /
2023-02-23 19:38:44[debug]: file path /home/dakericy/TinyWebServer_DK/home.html
2023-02-23 19:38:44[debug]: filesize:4293, 2  to 4415
2023-02-23 19:38:44[error]: RequestLine Error
2023-02-23 19:38:44[debug]: file path /home/dakericy/TinyWebServer_DK/400.html
2023-02-23 19:38:44[debug]: filesize:3146, 2  to 3240
2023-02-23 19:38:44[info] : Client[6] quit!
2023-02-23 19:38:44[info] : Client[6](192.168.47.2:41684) quit, UserCount:0
2023-02-23 19:38:44[info] : Client[6](192.168.47.2:41940) in, userCount:1
2023-02-23 19:38:44[info] : Client[6] in!
2023-02-23 19:38:44[debug]: [GET], [/images/background.jpg], [1.1]
2023-02-23 19:38:44[debug]: /images/background.jpg
2023-02-23 19:38:44[debug]: file path /home/dakericy/TinyWebServer_DK/404.html
2023-02-23 19:38:44[debug]: filesize:3149, 2  to 3241
2023-02-23 19:38:44[error]: RequestLine Error
2023-02-23 19:38:44[debug]: file path /home/dakericy/TinyWebServer_DK/404.html
2023-02-23 19:38:44[debug]: filesize:3149, 2  to 3241
2023-02-23 19:38:44[info] : Client[6] quit!
2023-02-23 19:38:44[info] : Client[6](192.168.47.2:41940) quit, UserCount:0
2023-02-23 19:38:45[info] : Client[6](192.168.47.2:43732) in, userCount:1
2023-02-23 19:38:45[info] : Client[6] in!
2023-02-23 19:38:45[debug]: [GET], [/register.html], [1.1]
2023-02-23 19:38:45[debug]: /register.html
2023-02-23 19:38:45[debug]: file path /home/dakericy/TinyWebServer_DK/register.html
2023-02-23 19:38:45[debug]: filesize:6654, 2  to 6776
2023-02-23 19:38:45[error]: RequestLine Error
2023-02-23 19:38:45[debug]: file path /home/dakericy/TinyWebServer_DK/400.html
2023-02-23 19:38:45[debug]: filesize:3146, 2  to 3240
2023-02-23 19:38:45[info] : Client[6] quit!
2023-02-23 19:38:45[info] : Client[6](192.168.47.2:43732) quit, UserCount:0
2023-02-23 19:38:45[info] : Client[6](192.168.47.2:43988) in, userCount:1
2023-02-23 19:38:45[info] : Client[6] in!
2023-02-23 19:38:45[debug]: [GET], [/images/background.jpg], [1.1]
2023-02-23 19:38:45[debug]: /images/background.jpg
2023-02-23 19:38:45[debug]: file path /home/dakericy/TinyWebServer_DK/404.html
2023-02-23 19:38:45[debug]: filesize:3149, 2  to 3241
2023-02-23 19:38:45[error]: RequestLine Error
2023-02-23 19:38:45[debug]: file path /home/dakericy/TinyWebServer_DK/404.html
2023-02-23 19:38:45[debug]: filesize:3149, 2  to 3241
2023-02-23 19:38:45[info] : Client[6] quit!
2023-02-23 19:38:45[info] : Client[6](192.168.47.2:43988) quit, UserCount:0
2023-02-23 19:38:47[info] : Client[6](192.168.47.2:44756) in, userCount:1
2023-02-23 19:38:47[info] : Client[6] in!
2023-02-23 19:38:58[debug]: [GET], [/home.html], [1.1]
2023-02-23 19:38:58[debug]: /home.html
2023-02-23 19:38:58[debug]: file path /home/dakericy/TinyWebServer_DK/home.html
2023-02-23 19:38:58[debug]: filesize:4293, 2  to 4415
2023-02-23 19:38:58[info] : Client[6] quit!
2023-02-23 19:38:58[info] : Client[6](192.168.47.2:44756) quit, UserCount:0
2023-02-23 19:38:58[info] : Client[6](192.168.47.2:49876) in, userCount:1
2023-02-23 19:38:58[info] : Client[6] in!
2023-02-23 19:41:40[info] : ========== Server init ==========
2023-02-23 19:41:40[info] : Port:2403, OpenLinger: false
2023-02-23 19:41:40[info] : Listen Mode: ET, OpenConn Mode: ET
2023-02-23 19:41:40[info] : LogSys level: 0
2023-02-23 19:41:40[info] : srcDir: /home/dakericy/TinyWebServer_DK
2023-02-23 19:41:40[info] : SqlConnPool num: 12, ThreadPool num: 1
2023-02-23 19:41:40[info] : ========== Server start ==========
2023-02-23 19:41:44[info] : Client[6](192.168.47.2:51925) in, userCount:1
2023-02-23 19:41:44[info] : Client[6] in!
2023-02-23 19:41:44[info] : Client[7](192.168.47.2:51669) in, userCount:2
2023-02-23 19:41:44[info] : Client[7] in!
2023-02-23 19:41:44[debug]: Body:r_user=daker&r_age=20&sex=m&belong=company&r_pwd=zxcv12&r_repwd=zxcv12, len:70
2023-02-23 19:44:25[info] : ========== Server init ==========
2023-02-23 19:44:25[info] : Port:2403, OpenLinger: false
2023-02-23 19:44:25[info] : Listen Mode: ET, OpenConn Mode: ET
2023-02-23 19:44:25[info] : LogSys level: 0
2023-02-23 19:44:25[info] : srcDir: /home/dakericy/TinyWebServer_DK
2023-02-23 19:44:25[info] : SqlConnPool num: 12, ThreadPool num: 1
2023-02-23 19:44:25[info] : ========== Server start ==========
2023-02-23 19:44:33[info] : Client[6](192.168.47.2:57046) in, userCount:1
2023-02-23 19:44:33[info] : Client[6] in!
2023-02-23 19:44:33[debug]: Body:r_user=daker&r_age=20&sex=m&belong=company&r_pwd=zxcv12&r_repwd=zxcv12, len:70
2023-02-23 19:44:33[debug]: [POST], [/adduser], [1.1]
2023-02-23 19:47:17[info] : ========== Server init ==========
2023-02-23 19:47:17[info] : Port:2403, OpenLinger: false
2023-02-23 19:47:17[info] : Listen Mode: ET, OpenConn Mode: ET
2023-02-23 19:47:17[info] : LogSys level: 0
2023-02-23 19:47:17[info] : srcDir: /home/dakericy/TinyWebServer_DK
2023-02-23 19:47:17[info] : SqlConnPool num: 12, ThreadPool num: 1
2023-02-23 19:47:17[info] : ========== Server start ==========
2023-02-23 19:47:25[info] : Client[6](192.168.47.2:50647) in, userCount:1
2023-02-23 19:47:25[info] : Client[6] in!
2023-02-23 19:47:25[debug]: Body:r_user=daker&r_age=20&sex=m&belong=company&r_pwd=zxcv12&r_repwd=zxcv12, len:70
2023-02-23 19:53:40[info] : ========== Server init ==========
2023-02-23 19:53:40[info] : Port:2403, OpenLinger: false
2023-02-23 19:53:40[info] : Listen Mode: ET, OpenConn Mode: ET
2023-02-23 19:53:40[info] : LogSys level: 0
2023-02-23 19:53:40[info] : srcDir: /home/dakericy/TinyWebServer_DK
2023-02-23 19:53:40[info] : SqlConnPool num: 12, ThreadPool num: 1
2023-02-23 19:53:40[info] : ========== Server start ==========
2023-02-23 19:53:47[info] : Client[6](192.168.47.2:3290) in, userCount:1
2023-02-23 19:53:47[info] : Client[6] in!
2023-02-23 19:53:47[debug]: Body:r_user=daker&r_age=20&sex=m&belong=company&r_pwd=zxcv12&r_repwd=zxcv12, len:70
2023-02-23 19:53:47[debug]: [POST], [/adduser], [1.1]
2023-02-23 20:13:50[info] : ========== Server init ==========
2023-02-23 20:13:50[info] : Port:2403, OpenLinger: false
2023-02-23 20:13:50[info] : Listen Mode: ET, OpenConn Mode: ET
2023-02-23 20:13:50[info] : LogSys level: 0
2023-02-23 20:13:50[info] : srcDir: /home/dakericy/TinyWebServer_DK
2023-02-23 20:13:50[info] : SqlConnPool num: 12, ThreadPool num: 1
2023-02-23 20:13:50[info] : ========== Server start ==========
2023-02-23 20:13:56[info] : Client[6](192.168.47.2:53477) in, userCount:1
2023-02-23 20:13:56[info] : Client[6] in!
2023-02-23 20:13:56[debug]: [GET], [/], [1.1]
2023-02-23 20:13:56[debug]: /
2023-02-23 20:13:56[debug]: file path /home/dakericy/TinyWebServer_DK/home.html
2023-02-23 20:13:56[debug]: filesize:4293, 2  to 4415
2023-02-23 20:13:56[error]: RequestLine Error
2023-02-23 20:13:56[debug]: file path /home/dakericy/TinyWebServer_DK/400.html
2023-02-23 20:13:56[debug]: filesize:3146, 2  to 3240
2023-02-23 20:13:56[info] : Client[6] quit!
2023-02-23 20:13:56[info] : Client[6](192.168.47.2:53477) quit, UserCount:0
2023-02-23 20:13:56[info] : Client[6](192.168.47.2:53989) in, userCount:1
2023-02-23 20:13:56[info] : Client[6] in!
2023-02-23 20:13:56[debug]: [GET], [/images/background.jpg], [1.1]
2023-02-23 20:13:56[debug]: /images/background.jpg
2023-02-23 20:13:56[debug]: file path /home/dakericy/TinyWebServer_DK/404.html
2023-02-23 20:13:56[debug]: filesize:3149, 2  to 3241
2023-02-23 20:13:56[error]: RequestLine Error
2023-02-23 20:13:56[debug]: file path /home/dakericy/TinyWebServer_DK/404.html
2023-02-23 20:13:56[debug]: filesize:3149, 2  to 3241
2023-02-23 20:13:56[info] : Client[6] quit!
2023-02-23 20:13:56[info] : Client[6](192.168.47.2:53989) quit, UserCount:0
2023-02-23 20:13:58[info] : Client[6](192.168.47.2:55013) in, userCount:1
2023-02-23 20:13:58[info] : Client[6] in!
2023-02-23 20:13:59[debug]: [GET], [/register.html], [1.1]
2023-02-23 20:13:59[debug]: /register.html
2023-02-23 20:13:59[debug]: file path /home/dakericy/TinyWebServer_DK/register.html
2023-02-23 20:13:59[debug]: filesize:6654, 2  to 6776
2023-02-23 20:13:59[error]: RequestLine Error
2023-02-23 20:13:59[debug]: file path /home/dakericy/TinyWebServer_DK/400.html
2023-02-23 20:13:59[debug]: filesize:3146, 2  to 3240
2023-02-23 20:13:59[info] : Client[6] quit!
2023-02-23 20:13:59[info] : Client[6](192.168.47.2:55013) quit, UserCount:0
2023-02-23 20:14:00[info] : Client[6](192.168.47.2:56805) in, userCount:1
2023-02-23 20:14:00[info] : Client[6] in!
2023-02-23 20:14:00[debug]: [GET], [/images/background.jpg], [1.1]
2023-02-23 20:14:00[debug]: /images/background.jpg
2023-02-23 20:14:00[debug]: file path /home/dakericy/TinyWebServer_DK/404.html
2023-02-23 20:14:00[debug]: filesize:3149, 2  to 3241
2023-02-23 20:14:00[error]: RequestLine Error
2023-02-23 20:14:00[debug]: file path /home/dakericy/TinyWebServer_DK/404.html
2023-02-23 20:14:00[debug]: filesize:3149, 2  to 3241
2023-02-23 20:14:00[info] : Client[6] quit!
2023-02-23 20:14:00[info] : Client[6](192.168.47.2:56805) quit, UserCount:0
2023-02-23 20:14:11[info] : Client[6](192.168.47.2:62949) in, userCount:1
2023-02-23 20:14:11[info] : Client[6] in!
2023-02-23 20:14:11[debug]: Body:r_user=daker&r_age=20&sex=m&belong=company&r_pwd=zxcv12&r_repwd=zxcv12, len:70
2023-02-23 20:14:11[debug]: [POST], [/adduser], [1.1]
2023-02-23 20:15:54[info] : ========== Server init ==========
2023-02-23 20:15:54[info] : Port:2403, OpenLinger: false
2023-02-23 20:15:54[info] : Listen Mode: ET, OpenConn Mode: ET
2023-02-23 20:15:54[info] : LogSys level: 0
2023-02-23 20:15:54[info] : srcDir: /home/dakericy/TinyWebServer_DK
2023-02-23 20:15:54[info] : SqlConnPool num: 12, ThreadPool num: 1
2023-02-23 20:15:54[info] : ========== Server start ==========
2023-02-23 20:16:02[info] : Client[6](192.168.47.2:40422) in, userCount:1
2023-02-23 20:16:02[info] : Client[6] in!
2023-02-23 20:16:02[debug]: [GET], [/], [1.1]
2023-02-23 20:16:02[debug]: /
2023-02-23 20:16:02[debug]: file path /home/dakericy/TinyWebServer_DK/home.html
2023-02-23 20:16:02[debug]: filesize:4293, 2  to 4415
2023-02-23 20:16:02[error]: RequestLine Error
2023-02-23 20:16:02[debug]: file path /home/dakericy/TinyWebServer_DK/400.html
2023-02-23 20:16:02[debug]: filesize:3146, 2  to 3240
2023-02-23 20:16:02[info] : Client[6] quit!
2023-02-23 20:16:02[info] : Client[6](192.168.47.2:40422) quit, UserCount:0
2023-02-23 20:16:02[info] : Client[6](192.168.47.2:40678) in, userCount:1
2023-02-23 20:16:02[info] : Client[6] in!
2023-02-23 20:16:02[debug]: [GET], [/images/background.jpg], [1.1]
2023-02-23 20:16:02[debug]: /images/background.jpg
2023-02-23 20:16:02[debug]: file path /home/dakericy/TinyWebServer_DK/404.html
2023-02-23 20:16:02[debug]: filesize:3149, 2  to 3241
2023-02-23 20:16:02[error]: RequestLine Error
2023-02-23 20:16:02[debug]: file path /home/dakericy/TinyWebServer_DK/404.html
2023-02-23 20:16:02[debug]: filesize:3149, 2  to 3241
2023-02-23 20:16:02[info] : Client[6] quit!
2023-02-23 20:16:02[info] : Client[6](192.168.47.2:40678) quit, UserCount:0
2023-02-23 20:16:04[info] : Client[6](192.168.47.2:42470) in, userCount:1
2023-02-23 20:16:04[info] : Client[6] in!
2023-02-23 20:16:04[debug]: [GET], [/register.html], [1.1]
2023-02-23 20:16:04[debug]: /register.html
2023-02-23 20:16:04[debug]: file path /home/dakericy/TinyWebServer_DK/register.html
2023-02-23 20:16:04[debug]: filesize:6654, 2  to 6776
2023-02-23 20:16:04[error]: RequestLine Error
2023-02-23 20:16:04[debug]: file path /home/dakericy/TinyWebServer_DK/400.html
2023-02-23 20:16:04[debug]: filesize:3146, 2  to 3240
2023-02-23 20:16:04[info] : Client[6] quit!
2023-02-23 20:16:04[info] : Client[6](192.168.47.2:42470) quit, UserCount:0
2023-02-23 20:16:04[info] : Client[6](192.168.47.2:42726) in, userCount:1
2023-02-23 20:16:04[info] : Client[6] in!
2023-02-23 20:16:04[debug]: [GET], [/images/background.jpg], [1.1]
2023-02-23 20:16:04[debug]: /images/background.jpg
2023-02-23 20:16:04[debug]: file path /home/dakericy/TinyWebServer_DK/404.html
2023-02-23 20:16:04[debug]: filesize:3149, 2  to 3241
2023-02-23 20:16:04[error]: RequestLine Error
2023-02-23 20:16:04[debug]: file path /home/dakericy/TinyWebServer_DK/404.html
2023-02-23 20:16:04[debug]: filesize:3149, 2  to 3241
2023-02-23 20:16:04[info] : Client[6] quit!
2023-02-23 20:16:04[info] : Client[6](192.168.47.2:42726) quit, UserCount:0
2023-02-23 20:16:05[info] : Client[6](192.168.47.2:42982) in, userCount:1
2023-02-23 20:16:05[info] : Client[6] in!
2023-02-23 20:16:20[debug]: [GET], [/home.html], [1.1]
2023-02-23 20:16:20[debug]: /home.html
2023-02-23 20:16:20[debug]: file path /home/dakericy/TinyWebServer_DK/home.html
2023-02-23 20:16:20[debug]: filesize:4293, 2  to 4415
2023-02-23 20:16:20[info] : Client[6] quit!
2023-02-23 20:16:20[info] : Client[6](192.168.47.2:42982) quit, UserCount:0
2023-02-23 20:16:20[info] : Client[6](192.168.47.2:50406) in, userCount:1
2023-02-23 20:16:20[info] : Client[6] in!
2023-02-23 20:18:53[info] : ========== Server init ==========
2023-02-23 20:18:53[info] : Port:2403, OpenLinger: false
2023-02-23 20:18:53[info] : Listen Mode: ET, OpenConn Mode: ET
2023-02-23 20:18:53[info] : LogSys level: 0
2023-02-23 20:18:53[info] : srcDir: /home/dakericy/TinyWebServer_DK
2023-02-23 20:18:53[info] : SqlConnPool num: 12, ThreadPool num: 1
2023-02-23 20:18:53[info] : ========== Server start ==========
2023-02-23 20:18:58[info] : Client[6](192.168.47.2:54503) in, userCount:1
2023-02-23 20:18:58[info] : Client[6] in!
2023-02-23 20:18:58[debug]: Body:r_user=daker&r_age=20&sex=m&belong=company&r_pwd=zxcv12&r_repwd=zxcv12, len:70
2023-02-23 20:18:58[debug]: [POST], [/adduser], [1.1]
2023-02-23 20:31:28[info] : ========== Server init ==========
2023-02-23 20:31:28[info] : Port:2403, OpenLinger: false
2023-02-23 20:31:28[info] : Listen Mode: ET, OpenConn Mode: ET
2023-02-23 20:31:28[info] : LogSys level: 0
2023-02-23 20:31:28[info] : srcDir: /home/dakericy/TinyWebServer_DK
2023-02-23 20:31:28[info] : SqlConnPool num: 12, ThreadPool num: 1
2023-02-23 20:31:28[info] : ========== Server start ==========
2023-02-23 20:31:33[info] : Client[6](192.168.47.2:16832) in, userCount:1
2023-02-23 20:31:33[info] : Client[6] in!
2023-02-23 20:31:33[info] : Client[7](192.168.47.2:17088) in, userCount:2
2023-02-23 20:31:33[info] : Client[7] in!
2023-02-23 20:31:33[debug]: Body:r_user=daker&r_age=20&sex=m&belong=company&r_pwd=zxcv12&r_repwd=zxcv12, len:70
2023-02-23 20:34:23[info] : ========== Server init ==========
2023-02-23 20:34:23[info] : Port:2403, OpenLinger: false
2023-02-23 20:34:23[info] : Listen Mode: ET, OpenConn Mode: ET
2023-02-23 20:34:23[info] : LogSys level: 0
2023-02-23 20:34:23[info] : srcDir: /home/dakericy/TinyWebServer_DK
2023-02-23 20:34:23[info] : SqlConnPool num: 12, ThreadPool num: 1
2023-02-23 20:34:23[info] : ========== Server start ==========
2023-02-23 20:34:33[info] : Client[6](192.168.47.2:9409) in, userCount:1
2023-02-23 20:34:33[info] : Client[6] in!
2023-02-23 20:34:33[debug]: Body:r_user=daker&r_age=20&sex=m&belong=company&r_pwd=zxcv12&r_repwd=zxcv12, len:70
2023-02-23 20:57:06[info] : ========== Server init ==========
2023-02-23 20:57:06[info] : Port:2403, OpenLinger: false
2023-02-23 20:57:06[info] : Listen Mode: ET, OpenConn Mode: ET
2023-02-23 20:57:06[info] : LogSys level: 0
2023-02-23 20:57:06[info] : srcDir: /home/dakericy/TinyWebServer_DK
2023-02-23 20:57:06[info] : SqlConnPool num: 12, ThreadPool num: 1
2023-02-23 20:57:06[info] : ========== Server start ==========
2023-02-23 20:57:20[info] : Client[6](192.168.47.2:53704) in, userCount:1
2023-02-23 20:57:20[info] : Client[6] in!
2023-02-23 20:57:20[debug]: Body:r_user=daker&r_age=20&sex=m&belong=company&r_pwd=zxcv12&r_repwd=zxcv12, len:70
2023-02-23 20:57:20[debug]: [POST], [/adduser], [1.1]
2023-02-23 21:00:25[info] : ========== Server init ==========
2023-02-23 21:00:25[info] : Port:2403, OpenLinger: false
2023-02-23 21:00:25[info] : Listen Mode: ET, OpenConn Mode: ET
2023-02-23 21:00:25[info] : LogSys level: 0
2023-02-23 21:00:25[info] : srcDir: /home/dakericy/TinyWebServer_DK
2023-02-23 21:00:25[info] : SqlConnPool num: 12, ThreadPool num: 8
2023-02-23 21:00:25[info] : ========== Server start ==========
2023-02-23 21:00:32[info] : Client[6](192.168.47.2:48585) in, userCount:1
2023-02-23 21:00:32[info] : Client[6] in!
2023-02-23 21:00:32[debug]: Body:r_user=daker&r_age=20&sex=m&belong=company&r_pwd=zxcv12&r_repwd=zxcv12, len:70
2023-02-23 21:00:32[debug]: [POST], [/adduser], [1.1]
2023-02-23 21:03:28[info] : ========== Server init ==========
2023-02-23 21:03:28[info] : Port:2403, OpenLinger: false
2023-02-23 21:03:28[info] : Listen Mode: ET, OpenConn Mode: ET
2023-02-23 21:03:28[info] : LogSys level: 0
2023-02-23 21:03:28[info] : srcDir: /home/dakericy/TinyWebServer_DK
2023-02-23 21:03:28[info] : SqlConnPool num: 12, ThreadPool num: 8
2023-02-23 21:03:28[info] : ========== Server start ==========
2023-02-23 21:03:34[info] : Client[6](192.168.47.2:38858) in, userCount:1
2023-02-23 21:03:34[info] : Client[6] in!
2023-02-23 21:03:34[debug]: Body:r_user=daker&r_age=20&sex=m&belong=company&r_pwd=zxcv12&r_repwd=zxcv12, len:70
2023-02-23 21:03:34[debug]: [POST], [/adduser], [1.1]
2023-02-23 22:28:55[info] : ========== Server init ==========
2023-02-23 22:28:55[info] : Port:2403, OpenLinger: false
2023-02-23 22:28:55[info] : Listen Mode: ET, OpenConn Mode: ET
2023-02-23 22:28:55[info] : LogSys level: 0
2023-02-23 22:28:55[info] : srcDir: /home/dakericy/TinyWebServer_DK
2023-02-23 22:28:55[info] : SqlConnPool num: 12, ThreadPool num: 8
2023-02-23 22:28:55[info] : ========== Server start ==========
2023-02-23 22:29:10[info] : Client[6](192.168.47.2:8675) in, userCount:1
2023-02-23 22:29:10[info] : Client[6] in!
2023-02-23 22:29:10[debug]: [GET], [/], [1.1]
2023-02-23 22:29:10[debug]: /
2023-02-23 22:29:10[debug]: file path /home/dakericy/TinyWebServer_DK/home.html
2023-02-23 22:29:10[debug]: filesize:4293, 2  to 4415
2023-02-23 22:29:10[error]: RequestLine Error
2023-02-23 22:29:10[debug]: file path /home/dakericy/TinyWebServer_DK/400.html
2023-02-23 22:29:10[debug]: filesize:3146, 2  to 3240
2023-02-23 22:29:10[info] : Client[6] quit!
2023-02-23 22:29:10[info] : Client[6](192.168.47.2:8675) quit, UserCount:0
2023-02-23 22:29:10[info] : Client[6](192.168.47.2:8931) in, userCount:1
2023-02-23 22:29:10[info] : Client[6] in!
2023-02-23 22:29:10[debug]: [GET], [/images/background.jpg], [1.1]
2023-02-23 22:29:10[debug]: /images/background.jpg
2023-02-23 22:29:10[debug]: file path /home/dakericy/TinyWebServer_DK/404.html
2023-02-23 22:29:10[debug]: filesize:3149, 2  to 3241
2023-02-23 22:29:10[error]: RequestLine Error
2023-02-23 22:29:10[debug]: file path /home/dakericy/TinyWebServer_DK/404.html
2023-02-23 22:29:10[debug]: filesize:3149, 2  to 3241
2023-02-23 22:29:10[info] : Client[6] quit!
2023-02-23 22:29:10[info] : Client[6](192.168.47.2:8931) quit, UserCount:0
2023-02-23 22:29:12[info] : Client[6](192.168.47.2:9443) in, userCount:1
2023-02-23 22:29:12[info] : Client[6] in!
2023-02-23 22:29:12[debug]: [GET], [/register.html], [1.1]
2023-02-23 22:29:12[debug]: /register.html
2023-02-23 22:29:12[debug]: file path /home/dakericy/TinyWebServer_DK/register.html
2023-02-23 22:29:12[debug]: filesize:6654, 2  to 6776
2023-02-23 22:29:12[error]: RequestLine Error
2023-02-23 22:29:12[debug]: file path /home/dakericy/TinyWebServer_DK/400.html
2023-02-23 22:29:12[debug]: filesize:3146, 2  to 3240
2023-02-23 22:29:12[info] : Client[6] quit!
2023-02-23 22:29:12[info] : Client[6](192.168.47.2:9443) quit, UserCount:0
2023-02-23 22:29:13[info] : Client[6](192.168.47.2:10979) in, userCount:1
2023-02-23 22:29:13[info] : Client[6] in!
2023-02-23 22:29:13[debug]: [GET], [/images/background.jpg], [1.1]
2023-02-23 22:29:13[debug]: /images/background.jpg
2023-02-23 22:29:13[debug]: file path /home/dakericy/TinyWebServer_DK/404.html
2023-02-23 22:29:13[debug]: filesize:3149, 2  to 3241
2023-02-23 22:29:13[error]: RequestLine Error
2023-02-23 22:29:13[debug]: file path /home/dakericy/TinyWebServer_DK/404.html
2023-02-23 22:29:13[debug]: filesize:3149, 2  to 3241
2023-02-23 22:29:13[info] : Client[6] quit!
2023-02-23 22:29:13[info] : Client[6](192.168.47.2:10979) quit, UserCount:0
2023-02-23 22:29:24[info] : Client[6](192.168.47.2:15587) in, userCount:1
2023-02-23 22:29:24[info] : Client[6] in!
2023-02-23 22:29:24[debug]: Body:r_user=daker&r_age=20&sex=m&belong=company&r_pwd=zxcv12&r_repwd=zxcv12, len:70
2023-02-23 22:29:24[debug]: [POST], [/adduser], [1.1]
2023-02-23 22:32:42[info] : ========== Server init ==========
2023-02-23 22:32:42[info] : Port:2403, OpenLinger: false
2023-02-23 22:32:42[info] : Listen Mode: ET, OpenConn Mode: ET
2023-02-23 22:32:42[info] : LogSys level: 0
2023-02-23 22:45:11[info] : ========== Server init ==========
2023-02-23 22:45:11[info] : Port:2403, OpenLinger: false
2023-02-23 22:45:11[info] : Listen Mode: ET, OpenConn Mode: ET
2023-02-23 22:45:11[info] : LogSys level: 0
2023-02-23 22:45:11[info] : srcDir: /home/dakericy/TinyWebServer_DK
2023-02-23 22:45:11[info] : SqlConnPool num: 12, ThreadPool num: 8
2023-02-23 22:45:11[info] : ========== Server start ==========
2023-02-23 22:45:19[info] : Client[18](192.168.47.2:23528) in, userCount:1
2023-02-23 22:45:19[info] : Client[18] in!
2023-02-23 22:45:19[debug]: Body:r_user=daker&r_age=20&sex=m&belong=company&r_pwd=zxcv12&r_repwd=zxcv12, len:70
2023-02-23 22:45:19[debug]: [POST], [/adduser], [1.1]
2023-02-23 22:45:19[debug]: /adduser
2023-02-23 22:45:19[info] : æ–°ç”¨æˆ·ï¼š"˜"åŠ å…¥
2023-02-23 22:45:19[debug]: file path /home/dakericy/TinyWebServer_DK/main.html
2023-02-23 22:45:19[debug]: filesize:6160, 2  to 6282
2023-02-23 22:45:19[debug]: [GET], [/images.jpg], [1.1]
2023-02-23 22:45:19[debug]: /images.jpg
2023-02-23 22:45:19[debug]: file path /home/dakericy/TinyWebServer_DK/images.jpg
2023-02-23 22:45:19[debug]: filesize:830759, 2  to 830884
2023-02-23 22:45:19[error]: RequestLine Error
2023-02-23 22:45:19[debug]: file path /home/dakericy/TinyWebServer_DK/400.html
2023-02-23 22:45:19[debug]: filesize:3146, 2  to 3240
2023-02-23 22:45:19[info] : Client[18] quit!
2023-02-23 22:45:19[info] : Client[18](192.168.47.2:23528) quit, UserCount:0
2023-02-23 22:45:20[info] : Client[18](192.168.47.2:23784) in, userCount:1
2023-02-23 22:45:20[info] : Client[18] in!
2023-02-23 22:45:20[info] : Client[19](192.168.47.2:24296) in, userCount:2
